#
# A fatal error has been detected by the Java Runtime Environment:
#
#  EXCEPTION_ACCESS_VIOLATION (0xc0000005) at pc=0x00000000589c9587, pid=15964, tid=0x0000000000002940
#
# JRE version: Java(TM) SE Runtime Environment (8.0_111-b14) (build 1.8.0_111-b14)
# Java VM: Java HotSpot(TM) 64-Bit Server VM (25.111-b14 mixed mode windows-amd64 compressed oops)
# Problematic frame:
# V  [jvm.dll+0x539587]
#
# Failed to write core dump. Minidumps are not enabled by default on client versions of Windows
#
# If you would like to submit a bug report, please visit:
#   http://bugreport.java.com/bugreport/crash.jsp
#

---------------  T H R E A D  ---------------

Current thread (0x000000001e875000):  JavaThread "C2 CompilerThread1" daemon [_thread_in_native, id=10560, stack(0x000000001f0b0000,0x000000001f1b0000)]

siginfo: ExceptionCode=0xc0000005, reading address 0x00000004222db0e0

Registers:
RAX=0x0000000027549d44, RBX=0x00000000254854a0, RCX=0x0000000021f61db8, RDX=0x00000004222db0e0
RSP=0x000000001f1ac550, RBP=0x0000000000000000, RSI=0x000000001e8c2af0, RDI=0x0000000000000000
R8 =0x0000000021f61db8, R9 =0x0000000000000000, R10=0x00000000254fcda0, R11=0x0000000058b07708
R12=0x0000000021f61db8, R13=0x0000000000000000, R14=0x0000000027549d44, R15=0x0000000021f61db8
RIP=0x00000000589c9587, EFLAGS=0x0000000000010246

Top of Stack: (sp=0x000000001f1ac550)
0x000000001f1ac550:   0000000021f61db8 000000001e8c2af0
0x000000001f1ac560:   0000000000000000 0000000088ca6bff
0x000000001f1ac570:   0000000000000005 00000000589c1cc8
0x000000001f1ac580:   000000001e8a31e0 0000000000000000
0x000000001f1ac590:   0000000088ca6bff 0000000000000000
0x000000001f1ac5a0:   000000001e8a31e0 00000000589bebe4
0x000000001f1ac5b0:   0000000021f61db8 0000000000000005
0x000000001f1ac5c0:   000000001e8c2af0 000000007fffffff
0x000000001f1ac5d0:   000000001e8a31e0 00000000588fe301
0x000000001f1ac5e0:   000000001e8a3140 000000001e8a31e0
0x000000001f1ac5f0:   000000001e8a31e0 000000001e8a31e0
0x000000001f1ac600:   0000000088ca6bff 0000000000000000
0x000000001f1ac610:   0000000000000000 000000007fffffff
0x000000001f1ac620:   0000000000000000 000000005896791e
0x000000001f1ac630:   000000001e8a31e0 0000000021edaf10
0x000000001f1ac640:   0000000000000432 000000000000004e 

Instructions: (pc=0x00000000589c9587)
0x00000000589c9567:   ff cb 49 23 de 48 c1 e3 04 48 03 5e 08 39 3b 76
0x00000000589c9577:   28 33 ed 66 0f 1f 44 00 00 48 8b 53 08 49 8b cc
0x00000000589c9587:   48 8b 14 2a ff 56 20 85 c0 0f 84 85 00 00 00 ff
0x00000000589c9597:   c7 48 83 c5 10 3b 3b 72 e0 ff 46 14 8b 46 14 3b 


Register to memory mapping:

RAX=0x0000000027549d44 is an unknown value
RBX=0x00000000254854a0 is an unknown value
RCX=0x0000000021f61db8 is an unknown value
RDX=0x00000004222db0e0 is an unknown value
RSP=0x000000001f1ac550 is pointing into the stack for thread: 0x000000001e875000
RBP=0x0000000000000000 is an unknown value
RSI=0x000000001e8c2af0 is an unknown value
RDI=0x0000000000000000 is an unknown value
R8 =0x0000000021f61db8 is an unknown value
R9 =0x0000000000000000 is an unknown value
R10=0x00000000254fcda0 is an unknown value
R11=0x0000000058b07708 is an unknown value
R12=0x0000000021f61db8 is an unknown value
R13=0x0000000000000000 is an unknown value
R14=0x0000000027549d44 is an unknown value
R15=0x0000000021f61db8 is an unknown value


Stack: [0x000000001f0b0000,0x000000001f1b0000],  sp=0x000000001f1ac550,  free space=1009k
Native frames: (J=compiled Java code, j=interpreted, Vv=VM code, C=native code)


Current CompileTask:
C2:   3760 3396       4       java.net.URLClassLoader$1::run (5 bytes)


---------------  P R O C E S S  ---------------

Java Threads: ( => current thread )
  0x000000001e913800 JavaThread "Service Thread" daemon [_thread_blocked, id=7848, stack(0x000000001f3b0000,0x000000001f4b0000)]
  0x000000001e880000 JavaThread "C1 CompilerThread3" daemon [_thread_blocked, id=9096, stack(0x000000001f2b0000,0x000000001f3b0000)]
  0x000000001e878000 JavaThread "C2 CompilerThread2" daemon [_thread_in_native, id=10008, stack(0x000000001f1b0000,0x000000001f2b0000)]
=>0x000000001e875000 JavaThread "C2 CompilerThread1" daemon [_thread_in_native, id=10560, stack(0x000000001f0b0000,0x000000001f1b0000)]
  0x000000001e871000 JavaThread "C2 CompilerThread0" daemon [_thread_blocked, id=10776, stack(0x000000001efb0000,0x000000001f0b0000)]
  0x000000001e86e800 JavaThread "Monitor Ctrl-Break" daemon [_thread_in_native, id=4200, stack(0x000000001eeb0000,0x000000001efb0000)]
  0x000000001e7ec800 JavaThread "Attach Listener" daemon [_thread_blocked, id=14684, stack(0x000000001edb0000,0x000000001eeb0000)]
  0x000000001e840000 JavaThread "Signal Dispatcher" daemon [_thread_blocked, id=3716, stack(0x000000001ecb0000,0x000000001edb0000)]
  0x000000001e7d0800 JavaThread "Finalizer" daemon [_thread_blocked, id=9968, stack(0x000000001ebb0000,0x000000001ecb0000)]
  0x0000000002e37800 JavaThread "Reference Handler" daemon [_thread_blocked, id=14524, stack(0x000000001e6b0000,0x000000001e7b0000)]
  0x000000000264e000 JavaThread "main" [_thread_blocked, id=8712, stack(0x0000000002a70000,0x0000000002b70000)]

Other Threads:
  0x000000001c8da000 VMThread [stack: 0x000000001e5b0000,0x000000001e6b0000] [id=15260]
  0x000000001e976800 WatcherThread [stack: 0x000000001f4b0000,0x000000001f5b0000] [id=11880]

VM state:at safepoint (normal execution)

VM Mutex/Monitor currently owned by a thread:  ([mutex/lock_event])
[0x000000000264c960] Threads_lock - owner thread: 0x000000001c8da000
[0x0000000002d40350] Heap_lock - owner thread: 0x000000000264e000

Heap:
 PSYoungGen      total 76288K, used 42913K [0x000000076af80000, 0x0000000770480000, 0x00000007c0000000)
  eden space 65536K, 65% used [0x000000076af80000,0x000000076d968600,0x000000076ef80000)
  from space 10752K, 0% used [0x000000076ef80000,0x000000076ef80000,0x000000076fa00000)
  to   space 10752K, 53% used [0x000000076fa00000,0x000000076ffabb60,0x0000000770480000)
 ParOldGen       total 124416K, used 14028K [0x00000006c0e00000, 0x00000006c8780000, 0x000000076af80000)
  object space 124416K, 11% used [0x00000006c0e00000,0x00000006c1bb3318,0x00000006c8780000)
 Metaspace       used 22732K, capacity 23380K, committed 23552K, reserved 1069056K
  class space    used 2765K, capacity 2957K, committed 3072K, reserved 1048576K

Card table byte_map: [0x0000000012200000,0x0000000012a00000] byte_map_base: 0x000000000ebf9000

Marking Bits: (ParMarkBitMap*) 0x0000000058caa6c0
 Begin Bits: [0x0000000013760000, 0x0000000017728000)
 End Bits:   [0x0000000017728000, 0x000000001b6f0000)

Polling page: 0x00000000025d0000

CodeCache: size=245760Kb used=12243Kb max_used=12243Kb free=233516Kb
 bounds [0x0000000002e40000, 0x0000000003a50000, 0x0000000011e40000]
 total_blobs=3915 nmethods=3536 adapters=291
 compilation: enabled

Compilation events (10 events):
Event: 3.737 Thread 0x000000001e880000 3531       3       org.eclipse.aether.internal.impl.DefaultSyncContextFactory::newInstance (8 bytes)
Event: 3.737 Thread 0x000000001e880000 nmethod 3531 0x0000000003a24110 code [0x0000000003a24280, 0x0000000003a244d0]
Event: 3.737 Thread 0x000000001e880000 3532       3       org.eclipse.aether.internal.impl.DefaultSyncContextFactory$DefaultSyncContext::<init> (5 bytes)
Event: 3.738 Thread 0x000000001e880000 nmethod 3532 0x0000000003a245d0 code [0x0000000003a24720, 0x0000000003a248d0]
Event: 3.738 Thread 0x000000001e880000 3533   !   3       com.google.inject.spi.InjectionPoint::forConstructorOf (243 bytes)
Event: 3.741 Thread 0x000000001e880000 nmethod 3533 0x0000000003a24990 code [0x0000000003a25140, 0x0000000003a2abe8]
Event: 3.741 Thread 0x000000001e880000 3534       3       org.eclipse.sisu.plexus.PlexusXmlBeanModule$PlexusXmlBeanSource::getBeanMetadata (45 bytes)
Event: 3.741 Thread 0x000000001e880000 nmethod 3534 0x0000000003a2ecd0 code [0x0000000003a2ee80, 0x0000000003a2f4a8]
Event: 3.741 Thread 0x000000001e880000 3535       3       org.eclipse.aether.internal.impl.DefaultSyncContextFactory$DefaultSyncContext::acquire (1 bytes)
Event: 3.742 Thread 0x000000001e880000 nmethod 3535 0x0000000003a2f650 code [0x0000000003a2f7a0, 0x0000000003a2f8f0]

GC Heap History (8 events):
Event: 0.808 GC heap before
{Heap before GC invocations=1 (full 0):
 PSYoungGen      total 76288K, used 65536K [0x000000076af80000, 0x0000000770480000, 0x00000007c0000000)
  eden space 65536K, 100% used [0x000000076af80000,0x000000076ef80000,0x000000076ef80000)
  from space 10752K, 0% used [0x000000076fa00000,0x000000076fa00000,0x0000000770480000)
  to   space 10752K, 0% used [0x000000076ef80000,0x000000076ef80000,0x000000076fa00000)
 ParOldGen       total 175104K, used 0K [0x00000006c0e00000, 0x00000006cb900000, 0x000000076af80000)
  object space 175104K, 0% used [0x00000006c0e00000,0x00000006c0e00000,0x00000006cb900000)
 Metaspace       used 11498K, capacity 11846K, committed 12160K, reserved 1060864K
  class space    used 1442K, capacity 1543K, committed 1664K, reserved 1048576K
Event: 0.816 GC heap after
Heap after GC invocations=1 (full 0):
 PSYoungGen      total 76288K, used 9576K [0x000000076af80000, 0x0000000770480000, 0x00000007c0000000)
  eden space 65536K, 0% used [0x000000076af80000,0x000000076af80000,0x000000076ef80000)
  from space 10752K, 89% used [0x000000076ef80000,0x000000076f8da218,0x000000076fa00000)
  to   space 10752K, 0% used [0x000000076fa00000,0x000000076fa00000,0x0000000770480000)
 ParOldGen       total 175104K, used 16K [0x00000006c0e00000, 0x00000006cb900000, 0x000000076af80000)
  object space 175104K, 0% used [0x00000006c0e00000,0x00000006c0e04000,0x00000006cb900000)
 Metaspace       used 11498K, capacity 11846K, committed 12160K, reserved 1060864K
  class space    used 1442K, capacity 1543K, committed 1664K, reserved 1048576K
}
Event: 1.819 GC heap before
{Heap before GC invocations=2 (full 0):
 PSYoungGen      total 76288K, used 75112K [0x000000076af80000, 0x0000000770480000, 0x00000007c0000000)
  eden space 65536K, 100% used [0x000000076af80000,0x000000076ef80000,0x000000076ef80000)
  from space 10752K, 89% used [0x000000076ef80000,0x000000076f8da218,0x000000076fa00000)
  to   space 10752K, 0% used [0x000000076fa00000,0x000000076fa00000,0x0000000770480000)
 ParOldGen       total 175104K, used 16K [0x00000006c0e00000, 0x00000006cb900000, 0x000000076af80000)
  object space 175104K, 0% used [0x00000006c0e00000,0x00000006c0e04000,0x00000006cb900000)
 Metaspace       used 15530K, capacity 15832K, committed 16128K, reserved 1062912K
  class space    used 1886K, capacity 1978K, committed 2048K, reserved 1048576K
Event: 1.828 GC heap after
Heap after GC invocations=2 (full 0):
 PSYoungGen      total 76288K, used 10061K [0x000000076af80000, 0x0000000770480000, 0x00000007c0000000)
  eden space 65536K, 0% used [0x000000076af80000,0x000000076af80000,0x000000076ef80000)
  from space 10752K, 93% used [0x000000076fa00000,0x00000007703d34a0,0x0000000770480000)
  to   space 10752K, 0% used [0x000000076ef80000,0x000000076ef80000,0x000000076fa00000)
 ParOldGen       total 175104K, used 32K [0x00000006c0e00000, 0x00000006cb900000, 0x000000076af80000)
  object space 175104K, 0% used [0x00000006c0e00000,0x00000006c0e08000,0x00000006cb900000)
 Metaspace       used 15530K, capacity 15832K, committed 16128K, reserved 1062912K
  class space    used 1886K, capacity 1978K, committed 2048K, reserved 1048576K
}
Event: 2.893 GC heap before
{Heap before GC invocations=3 (full 0):
 PSYoungGen      total 76288K, used 72211K [0x000000076af80000, 0x0000000770480000, 0x00000007c0000000)
  eden space 65536K, 94% used [0x000000076af80000,0x000000076ec319b8,0x000000076ef80000)
  from space 10752K, 93% used [0x000000076fa00000,0x00000007703d34a0,0x0000000770480000)
  to   space 10752K, 0% used [0x000000076ef80000,0x000000076ef80000,0x000000076fa00000)
 ParOldGen       total 175104K, used 32K [0x00000006c0e00000, 0x00000006cb900000, 0x000000076af80000)
  object space 175104K, 0% used [0x00000006c0e00000,0x00000006c0e08000,0x00000006cb900000)
 Metaspace       used 20730K, capacity 21140K, committed 21296K, reserved 1069056K
  class space    used 2531K, capacity 2642K, committed 2688K, reserved 1048576K
Event: 2.905 GC heap after
Heap after GC invocations=3 (full 0):
 PSYoungGen      total 76288K, used 10735K [0x000000076af80000, 0x0000000770480000, 0x00000007c0000000)
  eden space 65536K, 0% used [0x000000076af80000,0x000000076af80000,0x000000076ef80000)
  from space 10752K, 99% used [0x000000076ef80000,0x000000076f9fbe18,0x000000076fa00000)
  to   space 10752K, 0% used [0x000000076fa00000,0x000000076fa00000,0x0000000770480000)
 ParOldGen       total 175104K, used 3427K [0x00000006c0e00000, 0x00000006cb900000, 0x000000076af80000)
  object space 175104K, 1% used [0x00000006c0e00000,0x00000006c1158dd0,0x00000006cb900000)
 Metaspace       used 20730K, capacity 21140K, committed 21296K, reserved 1069056K
  class space    used 2531K, capacity 2642K, committed 2688K, reserved 1048576K
}
Event: 2.905 GC heap before
{Heap before GC invocations=4 (full 1):
 PSYoungGen      total 76288K, used 10735K [0x000000076af80000, 0x0000000770480000, 0x00000007c0000000)
  eden space 65536K, 0% used [0x000000076af80000,0x000000076af80000,0x000000076ef80000)
  from space 10752K, 99% used [0x000000076ef80000,0x000000076f9fbe18,0x000000076fa00000)
  to   space 10752K, 0% used [0x000000076fa00000,0x000000076fa00000,0x0000000770480000)
 ParOldGen       total 175104K, used 3427K [0x00000006c0e00000, 0x00000006cb900000, 0x000000076af80000)
  object space 175104K, 1% used [0x00000006c0e00000,0x00000006c1158dd0,0x00000006cb900000)
 Metaspace       used 20730K, capacity 21140K, committed 21296K, reserved 1069056K
  class space    used 2531K, capacity 2642K, committed 2688K, reserved 1048576K
Event: 2.951 GC heap after
Heap after GC invocations=4 (full 1):
 PSYoungGen      total 76288K, used 0K [0x000000076af80000, 0x0000000770480000, 0x00000007c0000000)
  eden space 65536K, 0% used [0x000000076af80000,0x000000076af80000,0x000000076ef80000)
  from space 10752K, 0% used [0x000000076ef80000,0x000000076ef80000,0x000000076fa00000)
  to   space 10752K, 0% used [0x000000076fa00000,0x000000076fa00000,0x0000000770480000)
 ParOldGen       total 124416K, used 14020K [0x00000006c0e00000, 0x00000006c8780000, 0x000000076af80000)
  object space 124416K, 11% used [0x00000006c0e00000,0x00000006c1bb1318,0x00000006c8780000)
 Metaspace       used 20730K, capacity 21140K, committed 21296K, reserved 1069056K
  class space    used 2531K, capacity 2642K, committed 2688K, reserved 1048576K
}

Deoptimization events (10 events):
Event: 3.592 Thread 0x000000000264e000 Uncommon trap: reason=unstable_if action=reinterpret pc=0x0000000003960000 method=java.util.StringTokenizer.setMaxDelimCodePoint()V @ 71
Event: 3.626 Thread 0x000000000264e000 Uncommon trap: reason=unstable_if action=reinterpret pc=0x00000000030c8f64 method=sun.nio.cs.StreamDecoder.read0()I @ 11
Event: 3.629 Thread 0x000000000264e000 Uncommon trap: reason=class_check action=maybe_recompile pc=0x00000000034f75d8 method=java.util.Hashtable.put(Ljava/lang/Object;Ljava/lang/Object;)Ljava/lang/Object; @ 18
Event: 3.630 Thread 0x000000000264e000 Uncommon trap: reason=class_check action=maybe_recompile pc=0x00000000034f75d8 method=java.util.Hashtable.put(Ljava/lang/Object;Ljava/lang/Object;)Ljava/lang/Object; @ 18
Event: 3.632 Thread 0x000000000264e000 Uncommon trap: reason=class_check action=maybe_recompile pc=0x00000000034f75d8 method=java.util.Hashtable.put(Ljava/lang/Object;Ljava/lang/Object;)Ljava/lang/Object; @ 18
Event: 3.633 Thread 0x000000000264e000 Uncommon trap: reason=class_check action=maybe_recompile pc=0x00000000034f75d8 method=java.util.Hashtable.put(Ljava/lang/Object;Ljava/lang/Object;)Ljava/lang/Object; @ 18
Event: 3.647 Thread 0x000000000264e000 Uncommon trap: reason=class_check action=maybe_recompile pc=0x00000000035216cc method=java.util.Hashtable.get(Ljava/lang/Object;)Ljava/lang/Object; @ 6
Event: 3.648 Thread 0x000000000264e000 Uncommon trap: reason=class_check action=maybe_recompile pc=0x00000000035216cc method=java.util.Hashtable.get(Ljava/lang/Object;)Ljava/lang/Object; @ 6
Event: 3.648 Thread 0x000000000264e000 Uncommon trap: reason=class_check action=maybe_recompile pc=0x00000000035216cc method=java.util.Hashtable.get(Ljava/lang/Object;)Ljava/lang/Object; @ 6
Event: 3.648 Thread 0x000000000264e000 Uncommon trap: reason=class_check action=maybe_recompile pc=0x00000000035216cc method=java.util.Hashtable.get(Ljava/lang/Object;)Ljava/lang/Object; @ 6

Internal exceptions (10 events):
Event: 0.929 Thread 0x000000000264e000 Exception <a 'java/lang/NoClassDefFoundError'> (0x000000076b9bb228) thrown at [C:\re\workspace\8-2-build-windows-amd64-cygwin\jdk8u111\7883\hotspot\src\share\vm\prims\jvm.cpp, line 1390]
Event: 0.929 Thread 0x000000000264e000 Exception <a 'java/lang/NoClassDefFoundError': javax/annotation/Priority> (0x000000076b9c0048) thrown at [C:\re\workspace\8-2-build-windows-amd64-cygwin\jdk8u111\7883\hotspot\src\share\vm\classfile\systemDictionary.cpp, line 199]
Event: 1.006 Thread 0x000000000264e000 Implicit null exception at 0x0000000002fff81c to 0x0000000002fff9f9
Event: 1.180 Thread 0x000000000264e000 Implicit null exception at 0x00000000030d6915 to 0x00000000030d6b19
Event: 1.180 Thread 0x000000000264e000 Implicit null exception at 0x000000000311512f to 0x0000000003115199
Event: 1.213 Thread 0x000000000264e000 Implicit null exception at 0x000000000342b1bb to 0x000000000342b5e1
Event: 2.489 Thread 0x000000000264e000 Implicit null exception at 0x00000000036dd778 to 0x00000000036de9e1
Event: 2.532 Thread 0x000000000264e000 Exception <a 'java/lang/ClassNotFoundException': com/sun/tools/javac/api/JavacTool> (0x000000076d4b1ab0) thrown at [C:\re\workspace\8-2-build-windows-amd64-cygwin\jdk8u111\7883\hotspot\src\share\vm\classfile\systemDictionary.cpp, line 210]
Event: 2.893 Thread 0x000000000264e000 Exception <a 'java/io/FileNotFoundException'> (0x000000076ebbbee8) thrown at [C:\re\workspace\8-2-build-windows-amd64-cygwin\jdk8u111\7883\hotspot\src\share\vm\prims\jni.cpp, line 709]
Event: 2.956 Thread 0x000000000264e000 Exception <a 'java/io/FileNotFoundException'> (0x000000076afb0d00) thrown at [C:\re\workspace\8-2-build-windows-amd64-cygwin\jdk8u111\7883\hotspot\src\share\vm\prims\jni.cpp, line 709]

Events (10 events):
Event: 3.739 loading class org/apache/maven/repository/internal/VersionsMetadataGenerator
Event: 3.739 loading class org/apache/maven/repository/internal/VersionsMetadataGenerator done
Event: 3.739 loading class org/apache/maven/repository/internal/LocalSnapshotMetadata
Event: 3.739 loading class org/apache/maven/repository/internal/LocalSnapshotMetadata done
Event: 3.739 loading class org/apache/maven/repository/internal/MavenMetadata
Event: 3.739 loading class org/apache/maven/repository/internal/MavenMetadata done
Event: 3.740 loading class org/eclipse/aether/metadata/MergeableMetadata
Event: 3.740 loading class org/eclipse/aether/metadata/MergeableMetadata done
Event: 3.742 loading class org/eclipse/aether/repository/LocalArtifactRegistration
Event: 3.742 loading class org/eclipse/aether/repository/LocalArtifactRegistration done


Dynamic libraries:
0x00007ff72b3c0000 - 0x00007ff72b3f7000 	C:\Program Files\Java\jdk1.8.0_111\bin\java.exe
0x00007ffd49430000 - 0x00007ffd4961d000 	C:\WINDOWS\SYSTEM32\ntdll.dll
0x00007ffd46f70000 - 0x00007ffd47023000 	C:\WINDOWS\System32\KERNEL32.DLL
0x00007ffd45520000 - 0x00007ffd457b3000 	C:\WINDOWS\System32\KERNELBASE.dll
0x00007ffd49030000 - 0x00007ffd490d3000 	C:\WINDOWS\System32\ADVAPI32.dll
0x00007ffd48dc0000 - 0x00007ffd48e5e000 	C:\WINDOWS\System32\msvcrt.dll
0x00007ffd48ec0000 - 0x00007ffd48f5e000 	C:\WINDOWS\System32\sechost.dll
0x00007ffd49250000 - 0x00007ffd49372000 	C:\WINDOWS\System32\RPCRT4.dll
0x00007ffd47200000 - 0x00007ffd47397000 	C:\WINDOWS\System32\USER32.dll
0x00007ffd45500000 - 0x00007ffd45520000 	C:\WINDOWS\System32\win32u.dll
0x00007ffd46660000 - 0x00007ffd46689000 	C:\WINDOWS\System32\GDI32.dll
0x00007ffd45a20000 - 0x00007ffd45bba000 	C:\WINDOWS\System32\gdi32full.dll
0x00007ffd45d70000 - 0x00007ffd45e10000 	C:\WINDOWS\System32\msvcp_win.dll
0x00007ffd45c40000 - 0x00007ffd45d3c000 	C:\WINDOWS\System32\ucrtbase.dll
0x00007ffd37b10000 - 0x00007ffd37d89000 	C:\WINDOWS\WinSxS\amd64_microsoft.windows.common-controls_6595b64144ccf1df_6.0.17763.316_none_05b53be2071f46b6\COMCTL32.dll
0x00007ffd47420000 - 0x00007ffd4774d000 	C:\WINDOWS\System32\combase.dll
0x00007ffd45bc0000 - 0x00007ffd45c3e000 	C:\WINDOWS\System32\bcryptPrimitives.dll
0x00007ffd48e90000 - 0x00007ffd48ebe000 	C:\WINDOWS\System32\IMM32.DLL
0x0000000058d30000 - 0x0000000058e02000 	C:\Program Files\Java\jdk1.8.0_111\jre\bin\msvcr100.dll
0x0000000058490000 - 0x0000000058d2a000 	C:\Program Files\Java\jdk1.8.0_111\jre\bin\server\jvm.dll
0x00007ffd46eb0000 - 0x00007ffd46eb8000 	C:\WINDOWS\System32\PSAPI.DLL
0x00007ffd355b0000 - 0x00007ffd355b9000 	C:\WINDOWS\SYSTEM32\WSOCK32.dll
0x00007ffd3f3f0000 - 0x00007ffd3f3fa000 	C:\WINDOWS\SYSTEM32\VERSION.dll
0x00007ffd41d10000 - 0x00007ffd41d34000 	C:\WINDOWS\SYSTEM32\WINMM.dll
0x00007ffd47750000 - 0x00007ffd477bd000 	C:\WINDOWS\System32\WS2_32.dll
0x00007ffd41ce0000 - 0x00007ffd41d0d000 	C:\WINDOWS\SYSTEM32\winmmbase.dll
0x00007ffd46560000 - 0x00007ffd465aa000 	C:\WINDOWS\System32\cfgmgr32.dll
0x0000000058480000 - 0x000000005848f000 	C:\Program Files\Java\jdk1.8.0_111\jre\bin\verify.dll
0x0000000058450000 - 0x0000000058479000 	C:\Program Files\Java\jdk1.8.0_111\jre\bin\java.dll
0x0000000058420000 - 0x0000000058443000 	C:\Program Files\Java\jdk1.8.0_111\jre\bin\instrument.dll
0x0000000058400000 - 0x0000000058416000 	C:\Program Files\Java\jdk1.8.0_111\jre\bin\zip.dll
0x00007ffd47820000 - 0x00007ffd48d0f000 	C:\WINDOWS\System32\SHELL32.dll
0x00007ffd48d10000 - 0x00007ffd48db8000 	C:\WINDOWS\System32\shcore.dll
0x00007ffd45e10000 - 0x00007ffd4655a000 	C:\WINDOWS\System32\windows.storage.dll
0x00007ffd454d0000 - 0x00007ffd454f4000 	C:\WINDOWS\System32\profapi.dll
0x00007ffd45430000 - 0x00007ffd4548d000 	C:\WINDOWS\System32\powrprof.dll
0x00007ffd477c0000 - 0x00007ffd47812000 	C:\WINDOWS\System32\shlwapi.dll
0x00007ffd454b0000 - 0x00007ffd454c1000 	C:\WINDOWS\System32\kernel.appcore.dll
0x00007ffd457c0000 - 0x00007ffd457d7000 	C:\WINDOWS\System32\cryptsp.dll
0x00007ffd38900000 - 0x00007ffd3891a000 	C:\Program Files\JetBrains\IntelliJ IDEA 2018.2.4\bin\breakgen64.dll
0x00000000583e0000 - 0x00000000583fa000 	C:\Program Files\Java\jdk1.8.0_111\jre\bin\net.dll
0x00007ffd44cc0000 - 0x00007ffd44d27000 	C:\WINDOWS\system32\mswsock.dll
0x00000000583c0000 - 0x00000000583d1000 	C:\Program Files\Java\jdk1.8.0_111\jre\bin\nio.dll
0x00007ffd3d020000 - 0x00007ffd3d20d000 	C:\WINDOWS\SYSTEM32\dbghelp.dll

VM Arguments:
jvm_args: -Dmaven.multiModuleProjectDirectory=C:\Java\JD\jd-parent\jd-manager\jd-manager-interface -Dmaven.home=C:\Program Files\JetBrains\IntelliJ IDEA 2018.2.4\plugins\maven\lib\maven3 -Dclassworlds.conf=C:\Program Files\JetBrains\IntelliJ IDEA 2018.2.4\plugins\maven\lib\maven3\bin\m2.conf -javaagent:C:\Program Files\JetBrains\IntelliJ IDEA 2018.2.4\lib\idea_rt.jar=2912:C:\Program Files\JetBrains\IntelliJ IDEA 2018.2.4\bin -Dfile.encoding=UTF-8 
java_command: org.codehaus.classworlds.Launcher -Didea.version=2018.2.7 install
java_class_path (initial): C:\Program Files\JetBrains\IntelliJ IDEA 2018.2.4\plugins\maven\lib\maven3\boot\plexus-classworlds-2.5.2.jar;C:\Program Files\JetBrains\IntelliJ IDEA 2018.2.4\lib\idea_rt.jar
Launcher Type: SUN_STANDARD

Environment Variables:
JAVA_HOME=C:\Program Files (x86)\Java\jdk1.7.0_72
PATH=D:\app\product\11.2.0\dbhome_1\bin;C:\ProgramData\Oracle\Java\javapath;C:\WINDOWS\system32;C:\WINDOWS;C:\WINDOWS\System32\Wbem;C:\WINDOWS\System32\WindowsPowerShell\v1.0\;C:\Program Files\MATLAB\R2016b\runtime\win64;C:\Program Files\MATLAB\R2016b\bin;C:\Program Files\MATLAB\R2016b\polyspace\bin;C:\WINDOWS\System32\OpenSSH\;C:\Program Files\MySQL\MySQL Server 5.5\bin;C:\Program Files (x86)\Java\jdk1.7.0_72\bin;C:\apache-maven-3.5.4\bin;C:\apache-tomcat-7.0.52\bin;C:\Users\ZMJ\Anaconda3;C:\Users\ZMJ\Anaconda3\Library\mingw-w64\bin;C:\Users\ZMJ\Anaconda3\Library\usr\bin;C:\Users\ZMJ\Anaconda3\Library\bin;C:\Users\ZMJ\Anaconda3\Scripts;C:\Python36\Scripts\;C:\Python36\;C:\Users\ZMJ\AppData\Local\Microsoft\WindowsApps;C:\Users\ZMJ\AppData\Local\Microsoft\WindowsApps;C:\Program Files (x86)\Subversion\bin;
USERNAME=ZMJ
OS=Windows_NT
PROCESSOR_IDENTIFIER=Intel64 Family 6 Model 60 Stepping 3, GenuineIntel



---------------  S Y S T E M  ---------------

OS: Windows 10.0 , 64 bit Build 17763 (10.0.17763.292)

CPU:total 8 (4 cores per cpu, 2 threads per core) family 6 model 60 stepping 3, cmov, cx8, fxsr, mmx, sse, sse2, sse3, ssse3, sse4.1, sse4.2, popcnt, avx, avx2, aes, clmul, erms, lzcnt, ht, tsc, tscinvbit, bmi1, bmi2

Memory: 4k page, physical 16715388k(6098104k free), swap 22127876k(3725196k free)

vm_info: Java HotSpot(TM) 64-Bit Server VM (25.111-b14) for windows-amd64 JRE (1.8.0_111-b14), built on Sep 22 2016 19:24:05 by "java_re" with MS VC++ 10.0 (VS2010)

time: Wed Mar 06 15:20:29 2019
elapsed time: 3 seconds (0d 0h 0m 3s)

